Flow report for build
Sat Oct 17 17:53:43 2020
Quartus Prime Version 20.1.0 Build 711 06/05/2020 SJ Lite Edition


---------------------
; Table of Contents ;
---------------------
  1. Legal Notice
  2. Flow Summary
  3. Flow Settings
  4. Flow Non-Default Global Settings
  5. Flow Elapsed Time
  6. Flow OS Summary
  7. Flow Log
  8. Flow Messages
  9. Flow Suppressed Messages



----------------
; Legal Notice ;
----------------
Copyright (C) 2020  Intel Corporation. All rights reserved.
Your use of Intel Corporation's design tools, logic functions 
and other software and tools, and any partner logic 
functions, and any output files from any of the foregoing 
(including device programming or simulation files), and any 
associated documentation or information are expressly subject 
to the terms and conditions of the Intel Program License 
Subscription Agreement, the Intel Quartus Prime License Agreement,
the Intel FPGA IP License Agreement, or other applicable license
agreement, including, without limitation, that your use is for
the sole purpose of programming logic devices manufactured by
Intel and sold by Intel or its authorized distributors.  Please
refer to the applicable agreement for further details, at
https://fpgasoftware.intel.com/eula.



+-------------------------------------------------------------------------------+
; Flow Summary                                                                  ;
+---------------------------------+---------------------------------------------+
; Flow Status                     ; Successful - Sat Oct 17 17:53:14 2020       ;
; Quartus Prime Version           ; 20.1.0 Build 711 06/05/2020 SJ Lite Edition ;
; Revision Name                   ; build                                       ;
; Top-level Entity Name           ; top                                         ;
; Family                          ; Cyclone V                                   ;
; Device                          ; 5CSEBA6U23I7                                ;
; Timing Models                   ; Final                                       ;
; Logic utilization (in ALMs)     ; 5,494 / 41,910 ( 13 % )                     ;
; Total registers                 ; 2747                                        ;
; Total pins                      ; 36 / 314 ( 11 % )                           ;
; Total virtual pins              ; 0                                           ;
; Total block memory bits         ; 2,601,696 / 5,662,720 ( 46 % )              ;
; Total DSP Blocks                ; 0 / 112 ( 0 % )                             ;
; Total HSSI RX PCSs              ; 0                                           ;
; Total HSSI PMA RX Deserializers ; 0                                           ;
; Total HSSI TX PCSs              ; 0                                           ;
; Total HSSI PMA TX Serializers   ; 0                                           ;
; Total PLLs                      ; 1 / 6 ( 17 % )                              ;
; Total DLLs                      ; 0 / 4 ( 0 % )                               ;
+---------------------------------+---------------------------------------------+


+-----------------------------------------+
; Flow Settings                           ;
+-------------------+---------------------+
; Option            ; Setting             ;
+-------------------+---------------------+
; Start date & time ; 10/17/2020 17:46:52 ;
; Main task         ; Compilation         ;
; Revision Name     ; build               ;
+-------------------+---------------------+


+-----------------------------------------------------------------------------------------------------------------+
; Flow Non-Default Global Settings                                                                                ;
+------------------------------------+---------------------------------+---------------+-------------+------------+
; Assignment Name                    ; Value                           ; Default Value ; Entity Name ; Section Id ;
+------------------------------------+---------------------------------+---------------+-------------+------------+
; ALLOW_ANY_RAM_SIZE_FOR_RECOGNITION ; On                              ; Off           ; --          ; --         ;
; ALLOW_ANY_ROM_SIZE_FOR_RECOGNITION ; On                              ; Off           ; --          ; --         ;
; COMPILER_SIGNATURE_ID              ; 158515240244919.160295321210433 ; --            ; --          ; --         ;
; TOP_LEVEL_ENTITY                   ; top                             ; build         ; --          ; --         ;
+------------------------------------+---------------------------------+---------------+-------------+------------+


+--------------------------------------------------------------------------------------------------------------------------+
; Flow Elapsed Time                                                                                                        ;
+----------------------+--------------+-------------------------+---------------------+------------------------------------+
; Module Name          ; Elapsed Time ; Average Processors Used ; Peak Virtual Memory ; Total CPU Time (on all processors) ;
+----------------------+--------------+-------------------------+---------------------+------------------------------------+
; Analysis & Synthesis ; 00:01:33     ; 1.0                     ; 605 MB              ; 00:01:47                           ;
; Fitter               ; 00:04:26     ; 1.5                     ; 2551 MB             ; 00:11:38                           ;
; Assembler            ; 00:00:15     ; 1.0                     ; 616 MB              ; 00:00:15                           ;
; Timing Analyzer      ; 00:00:28     ; 4.0                     ; 1232 MB             ; 00:01:32                           ;
; Total                ; 00:06:42     ; --                      ; --                  ; 00:15:12                           ;
+----------------------+--------------+-------------------------+---------------------+------------------------------------+


+------------------------------------------------------------------------------------+
; Flow OS Summary                                                                    ;
+----------------------+------------------+------------+------------+----------------+
; Module Name          ; Machine Hostname ; OS Name    ; OS Version ; Processor type ;
+----------------------+------------------+------------+------------+----------------+
; Analysis & Synthesis ; ArchLinux        ; Arch Linux ; Arch Linux ; x86_64         ;
; Fitter               ; ArchLinux        ; Arch Linux ; Arch Linux ; x86_64         ;
; Assembler            ; ArchLinux        ; Arch Linux ; Arch Linux ; x86_64         ;
; Timing Analyzer      ; ArchLinux        ; Arch Linux ; Arch Linux ; x86_64         ;
+----------------------+------------------+------------+------------+----------------+


------------
; Flow Log ;
------------
quartus_map build
quartus_fit build
quartus_asm build
quartus_sta build



